<?xml version="1.0" encoding="UTF-8"?>
<testng-results skipped="0" failed="0" ignored="0" total="1" passed="1">
  <reporter-output>
  </reporter-output>
  <suite name="Default suite" duration-ms="32325" started-at="2018-10-31T23:23:21Z" finished-at="2018-10-31T23:23:53Z">
    <groups>
    </groups>
    <test name="Default test" duration-ms="32325" started-at="2018-10-31T23:23:21Z" finished-at="2018-10-31T23:23:53Z">
      <class name="demo.test9">
        <test-method status="PASS" signature="setUp()[pri:0, instance:demo.test9@4cc0edeb]" name="setUp" is-config="true" duration-ms="13534" started-at="2018-10-31T23:23:21Z" finished-at="2018-10-31T23:23:35Z">
          <reporter-output>
          </reporter-output>
        </test-method> <!-- setUp -->
        <test-method status="PASS" signature="testFeedbackPage()[pri:0, instance:demo.test9@4cc0edeb]" name="testFeedbackPage" duration-ms="14278" started-at="2018-10-31T23:23:35Z" finished-at="2018-10-31T23:23:49Z">
          <reporter-output>
          </reporter-output>
        </test-method> <!-- testFeedbackPage -->
        <test-method status="PASS" signature="tearDown()[pri:0, instance:demo.test9@4cc0edeb]" name="tearDown" is-config="true" duration-ms="4483" started-at="2018-10-31T23:23:49Z" finished-at="2018-10-31T23:23:53Z">
          <reporter-output>
          </reporter-output>
        </test-method> <!-- tearDown -->
      </class> <!-- demo.test9 -->
    </test> <!-- Default test -->
  </suite> <!-- Default suite -->
</testng-results>
